<?xml version="1.0" encoding="UTF-8"?>
<!-- Generated by org.testng.reporters.JUnitXMLReporter -->
<testsuite ignored="0" hostname="LAPTOP-U7FIIQOJ" failures="1" tests="1" name="Command line test" time="51.61" errors="0" timestamp="23 Jun 2019 14:21:27 GMT">
  <testcase classname="collateral.tests.BaseTest" name="Login" time="40.332">
    <failure type="org.openqa.selenium.TimeoutException" message="Timeout loading page after 40000ms
Build info: version: &amp;apos;3.141.59&amp;apos;, revision: &amp;apos;e82be7d358&amp;apos;, time: &amp;apos;2018-11-14T08:17:03&amp;apos;
System info: host: &amp;apos;LAPTOP-U7FIIQOJ&amp;apos;, ip: &amp;apos;10.26.41.132&amp;apos;, os.name: &amp;apos;Windows 10&amp;apos;, os.arch: &amp;apos;amd64&amp;apos;, os.version: &amp;apos;10.0&amp;apos;, java.version: &amp;apos;10.0.1&amp;apos;
Driver info: org.openqa.selenium.firefox.FirefoxDriver
Capabilities {acceptInsecureCerts: true, browserName: firefox, browserVersion: 67.0.4, javascriptEnabled: true, moz:accessibilityChecks: false, moz:buildID: 20190619235627, moz:geckodriverVersion: 0.24.0, moz:headless: false, moz:processID: 1464, moz:profile: C:\Users\pandi\AppData\Loca..., moz:shutdownTimeout: 60000, moz:useNonSpecCompliantPointerOrigin: false, moz:webdriverClick: true, pageLoadStrategy: normal, platform: WINDOWS, platformName: WINDOWS, platformVersion: 10.0, rotatable: false, setWindowRect: true, strictFileInteractability: false, timeouts: {implicit: 0, pageLoad: 300000, script: 30000}, unhandledPromptBehavior: dismiss and notify}
Session ID: 01b7a486-3236-4184-9e22-1ae55db251a0">
      <![CDATA[org.openqa.selenium.TimeoutException: Timeout loading page after 40000ms
Build info: version: '3.141.59', revision: 'e82be7d358', time: '2018-11-14T08:17:03'
System info: host: 'LAPTOP-U7FIIQOJ', ip: '10.26.41.132', os.name: 'Windows 10', os.arch: 'amd64', os.version: '10.0', java.version: '10.0.1'
Driver info: org.openqa.selenium.firefox.FirefoxDriver
Capabilities {acceptInsecureCerts: true, browserName: firefox, browserVersion: 67.0.4, javascriptEnabled: true, moz:accessibilityChecks: false, moz:buildID: 20190619235627, moz:geckodriverVersion: 0.24.0, moz:headless: false, moz:processID: 1464, moz:profile: C:\Users\pandi\AppData\Loca..., moz:shutdownTimeout: 60000, moz:useNonSpecCompliantPointerOrigin: false, moz:webdriverClick: true, pageLoadStrategy: normal, platform: WINDOWS, platformName: WINDOWS, platformVersion: 10.0, rotatable: false, setWindowRect: true, strictFileInteractability: false, timeouts: {implicit: 0, pageLoad: 300000, script: 30000}, unhandledPromptBehavior: dismiss and notify}
Session ID: 01b7a486-3236-4184-9e22-1ae55db251a0
at org.openqa.selenium.remote.http.W3CHttpResponseCodec.createException(W3CHttpResponseCodec.java:187)
at org.openqa.selenium.remote.http.W3CHttpResponseCodec.decode(W3CHttpResponseCodec.java:122)
at org.openqa.selenium.remote.http.W3CHttpResponseCodec.decode(W3CHttpResponseCodec.java:49)
at org.openqa.selenium.remote.HttpCommandExecutor.execute(HttpCommandExecutor.java:158)
at org.openqa.selenium.remote.service.DriverCommandExecutor.execute(DriverCommandExecutor.java:83)
at org.openqa.selenium.remote.RemoteWebDriver.execute(RemoteWebDriver.java:552)
at org.openqa.selenium.remote.RemoteWebDriver.get(RemoteWebDriver.java:277)
at com.collateral360.JPMC.RES.Pages.LoginPage.SignIn(LoginPage.java:45)
at collateral.tests.BaseTest.Login(BaseTest.java:38)
... Removed 38 stack frames]]>
    </failure>
  </testcase> <!-- Login -->
</testsuite> <!-- Command line test -->
