<?xml version="1.0" encoding="UTF-8"?>
<!-- Generated by org.testng.reporters.JUnitXMLReporter -->
<testsuite ignored="0" hostname="DESKTOP-DJ7VF4K" failures="0" tests="10" name="Default test" time="511.883" errors="0" timestamp="07 Jun 2019 11:06:26 GMT">
  <testcase classname="collateral.tests.BaseTest" name="Login" time="39.92"/>
  <testcase classname="collateral.tests.BaseTest" name="RESCreateSRF" time="83.406"/>
  <testcase classname="collateral.tests.BaseTest" name="OpenLoanCreated" time="15.082"/>
  <testcase classname="collateral.tests.BaseTest" name="Taskpipeline" time="37.897"/>
  <testcase classname="collateral.tests.BaseTest" name="CreateRFP" time="127.658"/>
  <testcase classname="collateral.tests.BaseTest" name="OpenPARCEL" time="74.247"/>
  <testcase classname="collateral.tests.BaseTest" name="CheckBidAtPARCEL" time="56.058"/>
  <testcase classname="collateral.tests.BaseTest" name="AcceptAward" time="29.434"/>
  <testcase classname="collateral.tests.BaseTest" name="SendReport" time="29.705"/>
  <testcase classname="collateral.tests.BaseTest" name="ReportStatus" time="10.476"/>
</testsuite> <!-- Default test -->
