<?xml version="1.0" encoding="UTF-8"?>
<testng-results ignored="0" total="1" passed="1" failed="0" skipped="0">
  <reporter-output>
  </reporter-output>
  <suite started-at="2019-06-15T21:48:04Z" name="collateral.tests.BaseTest" finished-at="2019-06-15T21:49:20Z" duration-ms="75560">
    <groups>
    </groups>
    <test started-at="2019-06-15T21:48:04Z" name="Command line test" finished-at="2019-06-15T21:49:20Z" duration-ms="75560">
      <class name="collateral.tests.BaseTest">
        <test-method is-config="true" signature="StartBrowser()[pri:0, instance:collateral.tests.BaseTest@6366ebe0]" started-at="2019-06-15T21:48:04Z" name="StartBrowser" finished-at="2019-06-15T21:48:12Z" duration-ms="7744" status="PASS">
          <reporter-output>
          </reporter-output>
        </test-method> <!-- StartBrowser -->
        <test-method signature="Login()[pri:1, instance:collateral.tests.BaseTest@6366ebe0]" started-at="2019-06-15T21:48:12Z" name="Login" finished-at="2019-06-15T21:49:20Z" duration-ms="67795" status="PASS">
          <reporter-output>
          </reporter-output>
        </test-method> <!-- Login -->
      </class> <!-- collateral.tests.BaseTest -->
    </test> <!-- Command line test -->
  </suite> <!-- collateral.tests.BaseTest -->
</testng-results>
